[Tue Jun  7 21:52:00 2011]	multi is multiservice, checking subservices
[Tue Jun  7 21:52:00 2011]	Checking broken
[Tue Jun  7 21:52:01 2011]	broken disabled
[Tue Jun  7 21:52:01 2011]	broken checked
[Tue Jun  7 21:52:00 2011]	Checking multi.sleep1
[Tue Jun  7 21:52:01 2011]	multi.sleep1 disabled
[Tue Jun  7 21:52:01 2011]	multi.sleep1 checked
[Tue Jun  7 21:52:00 2011]	Checking multi.sleep2
[Tue Jun  7 21:52:01 2011]	multi.sleep2 disabled
[Tue Jun  7 21:52:01 2011]	multi.sleep2 checked
[Tue Jun  7 21:52:00 2011]	Checking fake-http-service2
[Tue Jun  7 21:52:01 2011]	fake-http-service2 disabled
[Tue Jun  7 21:52:01 2011]	fake-http-service2 checked
[Tue Jun  7 21:52:00 2011]	Checking fake-http-service
[Tue Jun  7 21:52:01 2011]	fake-http-service disabled
[Tue Jun  7 21:52:01 2011]	fake-http-service checked
[Tue Jun  7 21:52:01 2011]	multi-impl is multiservice, checking subservices
[Tue Jun  7 21:52:01 2011]	Checking multi-impl.abc
[Tue Jun  7 21:52:03 2011]	multi-impl.abc disabled
[Tue Jun  7 21:52:03 2011]	multi-impl.abc checked
[Tue Jun  7 21:52:03 2011]	ubic is multiservice, checking subservices
[Tue Jun  7 21:52:03 2011]	Checking sleeping-common
[Tue Jun  7 21:52:03 2011]	sleeping-common disabled
[Tue Jun  7 21:52:03 2011]	sleeping-common checked
[Tue Jun  7 21:52:03 2011]	Checking ubic.update
[Tue Jun  7 21:52:03 2011]	ubic.update disabled
[Tue Jun  7 21:52:03 2011]	ubic.update checked
[Tue Jun  7 21:52:03 2011]	Checking sleeping-daemon2
[Tue Jun  7 21:52:03 2011]	sleeping-daemon2 disabled
[Tue Jun  7 21:52:03 2011]	sleeping-daemon2 checked
[Tue Jun  7 21:52:03 2011]	Checking ubic.ping
[Tue Jun  7 21:52:03 2011]	ubic.ping disabled
[Tue Jun  7 21:52:03 2011]	ubic.ping checked
[Tue Jun  7 21:52:03 2011]	Checking slow-service
[Tue Jun  7 21:52:04 2011]	slow-service disabled
[Tue Jun  7 21:52:04 2011]	slow-service checked
[Tue Jun  7 21:52:03 2011]	Checking sleeping-daemon
[Tue Jun  7 21:52:04 2011]	sleeping-daemon disabled
[Tue Jun  7 21:52:04 2011]	sleeping-daemon checked
[Tue Jun  7 21:52:03 2011]	Checking ubic.watchdog
[Tue Jun  7 21:52:04 2011]	ubic.watchdog disabled
[Tue Jun  7 21:52:04 2011]	ubic.watchdog checked
